[2021-01-26 12:05:03] local.ERROR: There are no commands defined in the "example" namespace. {"exception":"[object] (Symfony\\Component\\Console\\Exception\\NamespaceNotFoundException(code: 0): There are no commands defined in the \"example\" namespace. at /var/www/jexim/vendor/symfony/console/Application.php:605)
[stacktrace]
#0 /var/www/jexim/vendor/symfony/console/Application.php(656): Symfony\\Component\\Console\\Application->findNamespace('example')
#1 /var/www/jexim/vendor/symfony/console/Application.php(254): Symfony\\Component\\Console\\Application->find('example:test')
#2 /var/www/jexim/vendor/symfony/console/Application.php(166): Symfony\\Component\\Console\\Application->doRun(Object(Symfony\\Component\\Console\\Input\\ArgvInput), Object(Symfony\\Component\\Console\\Output\\ConsoleOutput))
#3 /var/www/jexim/vendor/illuminate/console/Application.php(93): Symfony\\Component\\Console\\Application->run(Object(Symfony\\Component\\Console\\Input\\ArgvInput), Object(Symfony\\Component\\Console\\Output\\ConsoleOutput))
#4 /var/www/jexim/vendor/laravel/lumen-framework/src/Console/Kernel.php(116): Illuminate\\Console\\Application->run(Object(Symfony\\Component\\Console\\Input\\ArgvInput), Object(Symfony\\Component\\Console\\Output\\ConsoleOutput))
#5 /var/www/jexim/artisan(36): Laravel\\Lumen\\Console\\Kernel->handle(Object(Symfony\\Component\\Console\\Input\\ArgvInput), Object(Symfony\\Component\\Console\\Output\\ConsoleOutput))
#6 {main}
"} 
[2021-01-26 12:05:52] local.ERROR: There are no commands defined in the "example" namespace. {"exception":"[object] (Symfony\\Component\\Console\\Exception\\NamespaceNotFoundException(code: 0): There are no commands defined in the \"example\" namespace. at /var/www/jexim/vendor/symfony/console/Application.php:605)
[stacktrace]
#0 /var/www/jexim/vendor/symfony/console/Application.php(656): Symfony\\Component\\Console\\Application->findNamespace('example')
#1 /var/www/jexim/vendor/symfony/console/Application.php(254): Symfony\\Component\\Console\\Application->find('example:test')
#2 /var/www/jexim/vendor/symfony/console/Application.php(166): Symfony\\Component\\Console\\Application->doRun(Object(Symfony\\Component\\Console\\Input\\ArgvInput), Object(Symfony\\Component\\Console\\Output\\ConsoleOutput))
#3 /var/www/jexim/vendor/illuminate/console/Application.php(93): Symfony\\Component\\Console\\Application->run(Object(Symfony\\Component\\Console\\Input\\ArgvInput), Object(Symfony\\Component\\Console\\Output\\ConsoleOutput))
#4 /var/www/jexim/vendor/laravel/lumen-framework/src/Console/Kernel.php(116): Illuminate\\Console\\Application->run(Object(Symfony\\Component\\Console\\Input\\ArgvInput), Object(Symfony\\Component\\Console\\Output\\ConsoleOutput))
#5 /var/www/jexim/artisan(36): Laravel\\Lumen\\Console\\Kernel->handle(Object(Symfony\\Component\\Console\\Input\\ArgvInput), Object(Symfony\\Component\\Console\\Output\\ConsoleOutput))
#6 {main}
"} 
[2021-01-26 12:07:15] local.ERROR: There are no commands defined in the "example" namespace. {"exception":"[object] (Symfony\\Component\\Console\\Exception\\NamespaceNotFoundException(code: 0): There are no commands defined in the \"example\" namespace. at /var/www/jexim/vendor/symfony/console/Application.php:605)
[stacktrace]
#0 /var/www/jexim/vendor/symfony/console/Application.php(656): Symfony\\Component\\Console\\Application->findNamespace('example')
#1 /var/www/jexim/vendor/symfony/console/Application.php(254): Symfony\\Component\\Console\\Application->find('example:test')
#2 /var/www/jexim/vendor/symfony/console/Application.php(166): Symfony\\Component\\Console\\Application->doRun(Object(Symfony\\Component\\Console\\Input\\ArgvInput), Object(Symfony\\Component\\Console\\Output\\ConsoleOutput))
#3 /var/www/jexim/vendor/illuminate/console/Application.php(93): Symfony\\Component\\Console\\Application->run(Object(Symfony\\Component\\Console\\Input\\ArgvInput), Object(Symfony\\Component\\Console\\Output\\ConsoleOutput))
#4 /var/www/jexim/vendor/laravel/lumen-framework/src/Console/Kernel.php(116): Illuminate\\Console\\Application->run(Object(Symfony\\Component\\Console\\Input\\ArgvInput), Object(Symfony\\Component\\Console\\Output\\ConsoleOutput))
#5 /var/www/jexim/artisan(36): Laravel\\Lumen\\Console\\Kernel->handle(Object(Symfony\\Component\\Console\\Input\\ArgvInput), Object(Symfony\\Component\\Console\\Output\\ConsoleOutput))
#6 {main}
"} 
[2021-01-26 12:07:29] local.ERROR: There are no commands defined in the "example" namespace. {"exception":"[object] (Symfony\\Component\\Console\\Exception\\NamespaceNotFoundException(code: 0): There are no commands defined in the \"example\" namespace. at /var/www/jexim/vendor/symfony/console/Application.php:605)
[stacktrace]
#0 /var/www/jexim/vendor/symfony/console/Application.php(656): Symfony\\Component\\Console\\Application->findNamespace('example')
#1 /var/www/jexim/vendor/symfony/console/Application.php(254): Symfony\\Component\\Console\\Application->find('example:test')
#2 /var/www/jexim/vendor/symfony/console/Application.php(166): Symfony\\Component\\Console\\Application->doRun(Object(Symfony\\Component\\Console\\Input\\ArgvInput), Object(Symfony\\Component\\Console\\Output\\ConsoleOutput))
#3 /var/www/jexim/vendor/illuminate/console/Application.php(93): Symfony\\Component\\Console\\Application->run(Object(Symfony\\Component\\Console\\Input\\ArgvInput), Object(Symfony\\Component\\Console\\Output\\ConsoleOutput))
#4 /var/www/jexim/vendor/laravel/lumen-framework/src/Console/Kernel.php(116): Illuminate\\Console\\Application->run(Object(Symfony\\Component\\Console\\Input\\ArgvInput), Object(Symfony\\Component\\Console\\Output\\ConsoleOutput))
#5 /var/www/jexim/artisan(36): Laravel\\Lumen\\Console\\Kernel->handle(Object(Symfony\\Component\\Console\\Input\\ArgvInput), Object(Symfony\\Component\\Console\\Output\\ConsoleOutput))
#6 {main}
"} 
[2021-01-26 12:07:59] local.ERROR: There are no commands defined in the "example" namespace. {"exception":"[object] (Symfony\\Component\\Console\\Exception\\NamespaceNotFoundException(code: 0): There are no commands defined in the \"example\" namespace. at /var/www/jexim/vendor/symfony/console/Application.php:605)
[stacktrace]
#0 /var/www/jexim/vendor/symfony/console/Application.php(656): Symfony\\Component\\Console\\Application->findNamespace('example')
#1 /var/www/jexim/vendor/symfony/console/Application.php(254): Symfony\\Component\\Console\\Application->find('example:test')
#2 /var/www/jexim/vendor/symfony/console/Application.php(166): Symfony\\Component\\Console\\Application->doRun(Object(Symfony\\Component\\Console\\Input\\ArgvInput), Object(Symfony\\Component\\Console\\Output\\ConsoleOutput))
#3 /var/www/jexim/vendor/illuminate/console/Application.php(93): Symfony\\Component\\Console\\Application->run(Object(Symfony\\Component\\Console\\Input\\ArgvInput), Object(Symfony\\Component\\Console\\Output\\ConsoleOutput))
#4 /var/www/jexim/vendor/laravel/lumen-framework/src/Console/Kernel.php(116): Illuminate\\Console\\Application->run(Object(Symfony\\Component\\Console\\Input\\ArgvInput), Object(Symfony\\Component\\Console\\Output\\ConsoleOutput))
#5 /var/www/jexim/artisan(36): Laravel\\Lumen\\Console\\Kernel->handle(Object(Symfony\\Component\\Console\\Input\\ArgvInput), Object(Symfony\\Component\\Console\\Output\\ConsoleOutput))
#6 {main}
"} 
[2021-01-26 12:09:19] local.ERROR: There are no commands defined in the "example" namespace. {"exception":"[object] (Symfony\\Component\\Console\\Exception\\NamespaceNotFoundException(code: 0): There are no commands defined in the \"example\" namespace. at /var/www/jexim/vendor/symfony/console/Application.php:605)
[stacktrace]
#0 /var/www/jexim/vendor/symfony/console/Application.php(656): Symfony\\Component\\Console\\Application->findNamespace('example')
#1 /var/www/jexim/vendor/symfony/console/Application.php(254): Symfony\\Component\\Console\\Application->find('example:test')
#2 /var/www/jexim/vendor/symfony/console/Application.php(166): Symfony\\Component\\Console\\Application->doRun(Object(Symfony\\Component\\Console\\Input\\ArgvInput), Object(Symfony\\Component\\Console\\Output\\ConsoleOutput))
#3 /var/www/jexim/vendor/illuminate/console/Application.php(93): Symfony\\Component\\Console\\Application->run(Object(Symfony\\Component\\Console\\Input\\ArgvInput), Object(Symfony\\Component\\Console\\Output\\ConsoleOutput))
#4 /var/www/jexim/vendor/laravel/lumen-framework/src/Console/Kernel.php(116): Illuminate\\Console\\Application->run(Object(Symfony\\Component\\Console\\Input\\ArgvInput), Object(Symfony\\Component\\Console\\Output\\ConsoleOutput))
#5 /var/www/jexim/artisan(36): Laravel\\Lumen\\Console\\Kernel->handle(Object(Symfony\\Component\\Console\\Input\\ArgvInput), Object(Symfony\\Component\\Console\\Output\\ConsoleOutput))
#6 {main}
"} 
[2021-01-26 12:12:35] local.ERROR: Command "make:command" is not defined.

Did you mean one of these?
    make:migration
    make:seeder {"exception":"[object] (Symfony\\Component\\Console\\Exception\\CommandNotFoundException(code: 0): Command \"make:command\" is not defined.

Did you mean one of these?
    make:migration
    make:seeder at /var/www/jexim/vendor/symfony/console/Application.php:675)
[stacktrace]
#0 /var/www/jexim/vendor/symfony/console/Application.php(254): Symfony\\Component\\Console\\Application->find('make:command')
#1 /var/www/jexim/vendor/symfony/console/Application.php(166): Symfony\\Component\\Console\\Application->doRun(Object(Symfony\\Component\\Console\\Input\\ArgvInput), Object(Symfony\\Component\\Console\\Output\\ConsoleOutput))
#2 /var/www/jexim/vendor/illuminate/console/Application.php(93): Symfony\\Component\\Console\\Application->run(Object(Symfony\\Component\\Console\\Input\\ArgvInput), Object(Symfony\\Component\\Console\\Output\\ConsoleOutput))
#3 /var/www/jexim/vendor/laravel/lumen-framework/src/Console/Kernel.php(116): Illuminate\\Console\\Application->run(Object(Symfony\\Component\\Console\\Input\\ArgvInput), Object(Symfony\\Component\\Console\\Output\\ConsoleOutput))
#4 /var/www/jexim/artisan(36): Laravel\\Lumen\\Console\\Kernel->handle(Object(Symfony\\Component\\Console\\Input\\ArgvInput), Object(Symfony\\Component\\Console\\Output\\ConsoleOutput))
#5 {main}
"} 
[2021-01-26 12:13:12] local.ERROR: Command "make:command" is not defined.

Did you mean one of these?
    make:migration
    make:seeder {"exception":"[object] (Symfony\\Component\\Console\\Exception\\CommandNotFoundException(code: 0): Command \"make:command\" is not defined.

Did you mean one of these?
    make:migration
    make:seeder at /var/www/jexim/vendor/symfony/console/Application.php:675)
[stacktrace]
#0 /var/www/jexim/vendor/symfony/console/Application.php(254): Symfony\\Component\\Console\\Application->find('make:command')
#1 /var/www/jexim/vendor/symfony/console/Application.php(166): Symfony\\Component\\Console\\Application->doRun(Object(Symfony\\Component\\Console\\Input\\ArgvInput), Object(Symfony\\Component\\Console\\Output\\ConsoleOutput))
#2 /var/www/jexim/vendor/illuminate/console/Application.php(93): Symfony\\Component\\Console\\Application->run(Object(Symfony\\Component\\Console\\Input\\ArgvInput), Object(Symfony\\Component\\Console\\Output\\ConsoleOutput))
#3 /var/www/jexim/vendor/laravel/lumen-framework/src/Console/Kernel.php(116): Illuminate\\Console\\Application->run(Object(Symfony\\Component\\Console\\Input\\ArgvInput), Object(Symfony\\Component\\Console\\Output\\ConsoleOutput))
#4 /var/www/jexim/artisan(36): Laravel\\Lumen\\Console\\Kernel->handle(Object(Symfony\\Component\\Console\\Input\\ArgvInput), Object(Symfony\\Component\\Console\\Output\\ConsoleOutput))
#5 {main}
"} 
[2021-01-26 12:15:44] local.ERROR: There are no commands defined in the "example" namespace. {"exception":"[object] (Symfony\\Component\\Console\\Exception\\NamespaceNotFoundException(code: 0): There are no commands defined in the \"example\" namespace. at /var/www/jexim/vendor/symfony/console/Application.php:605)
[stacktrace]
#0 /var/www/jexim/vendor/symfony/console/Application.php(656): Symfony\\Component\\Console\\Application->findNamespace('example')
#1 /var/www/jexim/vendor/symfony/console/Application.php(254): Symfony\\Component\\Console\\Application->find('example:test')
#2 /var/www/jexim/vendor/symfony/console/Application.php(166): Symfony\\Component\\Console\\Application->doRun(Object(Symfony\\Component\\Console\\Input\\ArgvInput), Object(Symfony\\Component\\Console\\Output\\ConsoleOutput))
#3 /var/www/jexim/vendor/illuminate/console/Application.php(93): Symfony\\Component\\Console\\Application->run(Object(Symfony\\Component\\Console\\Input\\ArgvInput), Object(Symfony\\Component\\Console\\Output\\ConsoleOutput))
#4 /var/www/jexim/vendor/laravel/lumen-framework/src/Console/Kernel.php(116): Illuminate\\Console\\Application->run(Object(Symfony\\Component\\Console\\Input\\ArgvInput), Object(Symfony\\Component\\Console\\Output\\ConsoleOutput))
#5 /var/www/jexim/artisan(36): Laravel\\Lumen\\Console\\Kernel->handle(Object(Symfony\\Component\\Console\\Input\\ArgvInput), Object(Symfony\\Component\\Console\\Output\\ConsoleOutput))
#6 {main}
"} 
[2021-01-26 12:16:13] local.ERROR: Not enough arguments (missing: "name"). {"exception":"[object] (Symfony\\Component\\Console\\Exception\\RuntimeException(code: 0): Not enough arguments (missing: \"name\"). at /var/www/jexim/vendor/symfony/console/Input/Input.php:76)
[stacktrace]
#0 /var/www/jexim/vendor/symfony/console/Command/Command.php(250): Symfony\\Component\\Console\\Input\\Input->validate()
#1 /var/www/jexim/vendor/illuminate/console/Command.php(121): Symfony\\Component\\Console\\Command\\Command->run(Object(Symfony\\Component\\Console\\Input\\ArgvInput), Object(Illuminate\\Console\\OutputStyle))
#2 /var/www/jexim/vendor/symfony/console/Application.php(971): Illuminate\\Console\\Command->run(Object(Symfony\\Component\\Console\\Input\\ArgvInput), Object(Symfony\\Component\\Console\\Output\\ConsoleOutput))
#3 /var/www/jexim/vendor/symfony/console/Application.php(290): Symfony\\Component\\Console\\Application->doRunCommand(Object(Illuminate\\Database\\Console\\Migrations\\MigrateMakeCommand), Object(Symfony\\Component\\Console\\Input\\ArgvInput), Object(Symfony\\Component\\Console\\Output\\ConsoleOutput))
#4 /var/www/jexim/vendor/symfony/console/Application.php(166): Symfony\\Component\\Console\\Application->doRun(Object(Symfony\\Component\\Console\\Input\\ArgvInput), Object(Symfony\\Component\\Console\\Output\\ConsoleOutput))
#5 /var/www/jexim/vendor/illuminate/console/Application.php(93): Symfony\\Component\\Console\\Application->run(Object(Symfony\\Component\\Console\\Input\\ArgvInput), Object(Symfony\\Component\\Console\\Output\\ConsoleOutput))
#6 /var/www/jexim/vendor/laravel/lumen-framework/src/Console/Kernel.php(116): Illuminate\\Console\\Application->run(Object(Symfony\\Component\\Console\\Input\\ArgvInput), Object(Symfony\\Component\\Console\\Output\\ConsoleOutput))
#7 /var/www/jexim/artisan(36): Laravel\\Lumen\\Console\\Kernel->handle(Object(Symfony\\Component\\Console\\Input\\ArgvInput), Object(Symfony\\Component\\Console\\Output\\ConsoleOutput))
#8 {main}
"} 
